Determining if the pthread_create exist failed with the following output:
Change Dir: /home/gosha/Code/ENPH353-UBC-Parking-Competition/enph353_ws/build/CMakeFiles/CMakeTmp

Run Build Command:"/usr/bin/make" "cmTC_5e34c/fast"
/usr/bin/make -f CMakeFiles/cmTC_5e34c.dir/build.make CMakeFiles/cmTC_5e34c.dir/build
make[1]: Entering directory '/home/gosha/Code/ENPH353-UBC-Parking-Competition/enph353_ws/build/CMakeFiles/CMakeTmp'
Building C object CMakeFiles/cmTC_5e34c.dir/CheckSymbolExists.c.o
/usr/bin/cc    -o CMakeFiles/cmTC_5e34c.dir/CheckSymbolExists.c.o   -c /home/gosha/Code/ENPH353-UBC-Parking-Competition/enph353_ws/build/CMakeFiles/CMakeTmp/CheckSymbolExists.c
Linking C executable cmTC_5e34c
/usr/bin/cmake -E cmake_link_script CMakeFiles/cmTC_5e34c.dir/link.txt --verbose=1
/usr/bin/cc      -rdynamic CMakeFiles/cmTC_5e34c.dir/CheckSymbolExists.c.o  -o cmTC_5e34c 
CMakeFiles/cmTC_5e34c.dir/CheckSymbolExists.c.o: In function `main':
CheckSymbolExists.c:(.text+0x1b): undefined reference to `pthread_create'
collect2: error: ld returned 1 exit status
CMakeFiles/cmTC_5e34c.dir/build.make:97: recipe for target 'cmTC_5e34c' failed
make[1]: *** [cmTC_5e34c] Error 1
make[1]: Leaving directory '/home/gosha/Code/ENPH353-UBC-Parking-Competition/enph353_ws/build/CMakeFiles/CMakeTmp'
Makefile:126: recipe for target 'cmTC_5e34c/fast' failed
make: *** [cmTC_5e34c/fast] Error 2

File /home/gosha/Code/ENPH353-UBC-Parking-Competition/enph353_ws/build/CMakeFiles/CMakeTmp/CheckSymbolExists.c:
/* */
#include <pthread.h>

int main(int argc, char** argv)
{
  (void)argv;
#ifndef pthread_create
  return ((int*)(&pthread_create))[argc];
#else
  (void)argc;
  return 0;
#endif
}

Determining if the function pthread_create exists in the pthreads failed with the following output:
Change Dir: /home/gosha/Code/ENPH353-UBC-Parking-Competition/enph353_ws/build/CMakeFiles/CMakeTmp

Run Build Command:"/usr/bin/make" "cmTC_15a38/fast"
/usr/bin/make -f CMakeFiles/cmTC_15a38.dir/build.make CMakeFiles/cmTC_15a38.dir/build
make[1]: Entering directory '/home/gosha/Code/ENPH353-UBC-Parking-Competition/enph353_ws/build/CMakeFiles/CMakeTmp'
Building C object CMakeFiles/cmTC_15a38.dir/CheckFunctionExists.c.o
/usr/bin/cc   -DCHECK_FUNCTION_EXISTS=pthread_create   -o CMakeFiles/cmTC_15a38.dir/CheckFunctionExists.c.o   -c /usr/share/cmake-3.10/Modules/CheckFunctionExists.c
Linking C executable cmTC_15a38
/usr/bin/cmake -E cmake_link_script CMakeFiles/cmTC_15a38.dir/link.txt --verbose=1
/usr/bin/cc  -DCHECK_FUNCTION_EXISTS=pthread_create    -rdynamic CMakeFiles/cmTC_15a38.dir/CheckFunctionExists.c.o  -o cmTC_15a38 -lpthreads 
/usr/bin/ld: cannot find -lpthreads
collect2: error: ld returned 1 exit status
CMakeFiles/cmTC_15a38.dir/build.make:97: recipe for target 'cmTC_15a38' failed
make[1]: *** [cmTC_15a38] Error 1
make[1]: Leaving directory '/home/gosha/Code/ENPH353-UBC-Parking-Competition/enph353_ws/build/CMakeFiles/CMakeTmp'
Makefile:126: recipe for target 'cmTC_15a38/fast' failed
make: *** [cmTC_15a38/fast] Error 2


